<?xml version="1.0" encoding="UTF-8"?>
<!-- Generated by org.testng.reporters.JUnitXMLReporter -->
<testsuite hostname="DESKTOP-73S007T" name="Test" tests="1" failures="1" timestamp="4 Mar 2022 05:29:23 GMT" time="61.567" errors="0">
  <testcase name="createProductWithQtyTest" time="0.067" classname="com.crm.ProductTests.CreateProductWithQtyTest">
    <failure type="java.lang.AssertionError" message="null">
      <![CDATA[java.lang.AssertionError: null
	at com.crm.ProductTests.CreateProductWithQtyTest.createProductWithQtyTest(CreateProductWithQtyTest.java:20)
... Removed 27 stack frames]]>
    </failure>
  </testcase> <!-- createProductWithQtyTest -->
</testsuite> <!-- Test -->
