<?xml version="1.0" encoding="UTF-8"?>
<!-- Generated by org.testng.reporters.JUnitXMLReporter -->
<testsuite hostname="DESKTOP-73S007T" name="Test2" tests="3" failures="0" timestamp="3 Mar 2022 06:22:42 GMT" time="38.546" errors="0">
  <testcase name="@BeforeMethod login" time="0.0" classname="com.crm.ProductTests.CreateProductandSearchByProductNameTest">
    <failure type="java.lang.NullPointerException">
      <![CDATA[java.lang.NullPointerException
	at org.openqa.selenium.support.pagefactory.DefaultElementLocator.findElement(DefaultElementLocator.java:69)
	at org.openqa.selenium.support.pagefactory.internal.LocatingElementHandler.invoke(LocatingElementHandler.java:38)
	at com.sun.proxy.$Proxy13.sendKeys(Unknown Source)
	at com.crm.ObjectRepository.LoginPage.loginToAppln(LoginPage.java:48)
	at com.crm.GenericLibrary.BaseClass.login(BaseClass.java:71)
	at java.util.concurrent.FutureTask.run(Unknown Source)
	at java.util.concurrent.ThreadPoolExecutor.runWorker(Unknown Source)
	at java.util.concurrent.ThreadPoolExecutor$Worker.run(Unknown Source)
	at java.lang.Thread.run(Unknown Source)
... Removed 18 stack frames]]>
    </failure>
  </testcase> <!-- @BeforeMethod login -->
  <testcase name="@AfterMethod logout" time="0.0" classname="com.crm.ProductTests.CreateProductandSearchByProductNameTest">
    <skipped/>
  </testcase> <!-- @AfterMethod logout -->
  <testcase name="@AfterClass closeBrowser" time="0.0" classname="com.crm.ProductTests.CreateProductandSearchByProductNameTest">
    <skipped/>
  </testcase> <!-- @AfterClass closeBrowser -->
  <testcase name="@BeforeMethod login" time="0.0" classname="com.crm.ProductTests.CreateProductandSearchByUnitPriceTest">
    <skipped/>
  </testcase> <!-- @BeforeMethod login -->
  <testcase name="@AfterMethod logout" time="0.0" classname="com.crm.ProductTests.CreateProductandSearchByUnitPriceTest">
    <skipped/>
  </testcase> <!-- @AfterMethod logout -->
  <testcase name="@AfterClass closeBrowser" time="0.0" classname="com.crm.ProductTests.CreateProductandSearchByUnitPriceTest">
    <skipped/>
  </testcase> <!-- @AfterClass closeBrowser -->
  <testcase name="createProductWithQtyTest" time="21.486" classname="com.crm.ProductTests.CreateProductWithQtyUnitTest"/>
  <testcase name="createProductWithQtyUnitTest" time="0.0" classname="com.crm.ProductTests.CreateProductandSearchByProductNameTest">
    <skipped/>
  </testcase> <!-- createProductWithQtyUnitTest -->
  <testcase name="createProductandSearchByUnitPriceTest" time="0.0" classname="com.crm.ProductTests.CreateProductandSearchByUnitPriceTest">
    <skipped/>
  </testcase> <!-- createProductandSearchByUnitPriceTest -->
</testsuite> <!-- Test2 -->
