<?xml version="1.0" encoding="UTF-8"?>
<testng-results skipped="0" failed="0" total="1" passed="1">
  <reporter-output>
  </reporter-output>
  <suite name="Default suite" duration-ms="89" started-at="2022-03-11T04:39:32Z" finished-at="2022-03-11T04:39:32Z">
    <groups>
    </groups>
    <test name="Default test" duration-ms="89" started-at="2022-03-11T04:39:32Z" finished-at="2022-03-11T04:39:32Z">
      <class name="com.crm.PRACTICE.ReadDataFromCmdLineTest">
        <test-method status="PASS" signature="readDataFromCmdLine()[pri:0, instance:com.crm.PRACTICE.ReadDataFromCmdLineTest@523884b2]" name="readDataFromCmdLine" duration-ms="35" started-at="2022-03-11T10:09:32Z" finished-at="2022-03-11T10:09:32Z">
          <reporter-output>
          </reporter-output>
        </test-method> <!-- readDataFromCmdLine -->
      </class> <!-- com.crm.PRACTICE.ReadDataFromCmdLineTest -->
    </test> <!-- Default test -->
  </suite> <!-- Default suite -->
</testng-results>
