<?xml version="1.0" encoding="UTF-8"?>
<testng-results skipped="0" failed="0" total="1" passed="1">
  <reporter-output>
    <line>
      <![CDATA[DataBase Connected]]>
    </line>
    <line>
      <![CDATA[Browser Launch Sucessful]]>
    </line>
    <line>
      <![CDATA[Login Sucessful]]>
    </line>
    <line>
      <![CDATA[Logout Sucessful]]>
    </line>
    <line>
      <![CDATA[Browser Closed Sucessful]]>
    </line>
    <line>
      <![CDATA[DB Close Sucessful]]>
    </line>
  </reporter-output>
  <suite name="Default suite" duration-ms="1265340" started-at="2022-03-17T11:39:02Z" finished-at="2022-03-17T12:00:07Z">
    <groups>
    </groups>
    <test name="Default test" duration-ms="1265340" started-at="2022-03-17T11:39:02Z" finished-at="2022-03-17T12:00:07Z">
      <class name="com.crm.ProductTests.CreateProductandSearchByProductNameTest">
        <test-method status="PASS" signature="launchTheDB()[pri:0, instance:com.crm.ProductTests.CreateProductandSearchByProductNameTest@1725dc0f]" name="launchTheDB" is-config="true" duration-ms="16" started-at="2022-03-17T17:09:02Z" finished-at="2022-03-17T17:09:02Z">
          <reporter-output>
            <line>
              <![CDATA[DataBase Connected]]>
            </line>
          </reporter-output>
        </test-method> <!-- launchTheDB -->
        <test-method status="PASS" signature="launchTheBrowser()[pri:0, instance:com.crm.ProductTests.CreateProductandSearchByProductNameTest@1725dc0f]" name="launchTheBrowser" is-config="true" duration-ms="50379" started-at="2022-03-17T17:09:02Z" finished-at="2022-03-17T17:09:52Z">
          <reporter-output>
            <line>
              <![CDATA[Browser Launch Sucessful]]>
            </line>
          </reporter-output>
        </test-method> <!-- launchTheBrowser -->
        <test-method status="PASS" signature="login()[pri:0, instance:com.crm.ProductTests.CreateProductandSearchByProductNameTest@1725dc0f]" name="login" is-config="true" duration-ms="17805" started-at="2022-03-17T17:09:52Z" finished-at="2022-03-17T17:10:10Z">
          <reporter-output>
            <line>
              <![CDATA[Login Sucessful]]>
            </line>
          </reporter-output>
        </test-method> <!-- login -->
        <test-method status="PASS" signature="createProductWithQtyUnitTest()[pri:0, instance:com.crm.ProductTests.CreateProductandSearchByProductNameTest@1725dc0f]" name="createProductWithQtyUnitTest" duration-ms="1167415" started-at="2022-03-17T17:10:10Z" finished-at="2022-03-17T17:29:37Z">
          <reporter-output>
          </reporter-output>
        </test-method> <!-- createProductWithQtyUnitTest -->
        <test-method status="PASS" signature="logout()[pri:0, instance:com.crm.ProductTests.CreateProductandSearchByProductNameTest@1725dc0f]" name="logout" is-config="true" duration-ms="4892" started-at="2022-03-17T17:29:37Z" finished-at="2022-03-17T17:29:42Z">
          <reporter-output>
            <line>
              <![CDATA[Logout Sucessful]]>
            </line>
          </reporter-output>
        </test-method> <!-- logout -->
        <test-method status="PASS" signature="closeBrowser()[pri:0, instance:com.crm.ProductTests.CreateProductandSearchByProductNameTest@1725dc0f]" name="closeBrowser" is-config="true" duration-ms="1183" started-at="2022-03-17T17:29:53Z" finished-at="2022-03-17T17:29:55Z">
          <reporter-output>
            <line>
              <![CDATA[Browser Closed Sucessful]]>
            </line>
          </reporter-output>
        </test-method> <!-- closeBrowser -->
        <test-method status="PASS" signature="closeDB()[pri:0, instance:com.crm.ProductTests.CreateProductandSearchByProductNameTest@1725dc0f]" name="closeDB" is-config="true" duration-ms="0" started-at="2022-03-17T17:30:11Z" finished-at="2022-03-17T17:30:11Z">
          <reporter-output>
            <line>
              <![CDATA[DB Close Sucessful]]>
            </line>
          </reporter-output>
        </test-method> <!-- closeDB -->
      </class> <!-- com.crm.ProductTests.CreateProductandSearchByProductNameTest -->
    </test> <!-- Default test -->
  </suite> <!-- Default suite -->
</testng-results>
